<?xml version="1.0" encoding="UTF-8"?>
<!-- Generated by org.testng.reporters.JUnitReportReporter -->
<testsuite hostname="Susmitha" name="com.wirecard.ntltaxi.reportGeneration.ReportOptimizer" tests="1" failures="0" timestamp="3 Oct 2016 07:39:41 GMT" time="0.142" errors="0">
  <testcase name="archivefiles" time="0.142" classname="com.wirecard.ntltaxi.reportGeneration.ReportOptimizer"/>
</testsuite> <!-- com.wirecard.ntltaxi.reportGeneration.ReportOptimizer -->
