<?xml version="1.0" encoding="UTF-8"?>
<!-- Generated by org.testng.reporters.JUnitReportReporter -->
<testsuite hostname="Susmitha" name="com.wirecard.ntltaxi.testcases.HomePageTest" tests="4" failures="0" timestamp="3 Oct 2016 07:46:30 GMT" time="27.911" errors="0">
  <testcase name="validateHomePage" time="4.977" classname="com.wirecard.ntltaxi.testcases.HomePageTest"/>
  <testcase name="validateHomePage" time="13.329" classname="com.wirecard.ntltaxi.testcases.HomePageTest"/>
  <testcase name="validateHomePage" time="4.605" classname="com.wirecard.ntltaxi.testcases.HomePageTest"/>
  <testcase name="validateHomePage" time="5.000" classname="com.wirecard.ntltaxi.testcases.HomePageTest"/>
</testsuite> <!-- com.wirecard.ntltaxi.testcases.HomePageTest -->
