<?xml version="1.0" encoding="UTF-8"?>
<!-- Generated by org.testng.reporters.JUnitReportReporter -->
<testsuite hostname="Susmitha" name="temp.ReportTest" tests="3" failures="0" timestamp="30 Sep 2016 07:35:36 GMT" time="25.534" errors="0">
  <testcase name="googleTest" time="13.655" classname="temp.ReportTest"/>
  <testcase name="bingTest" time="0.887" classname="temp.ReportTest"/>
  <testcase name="yahooTest" time="10.992" classname="temp.ReportTest"/>
</testsuite> <!-- temp.ReportTest -->
